<?xml version="1.0" encoding="UTF-8"?>
<testsuite xmlns:xsi="http://www.w3.org/2001/XMLSchema-instance" xsi:noNamespaceSchemaLocation="https://maven.apache.org/surefire/maven-surefire-plugin/xsd/surefire-test-report.xsd" name="net.barakiroth.lombokwithvalidations.domain.MyDataObjectUnitTest" time="0.055" tests="2" errors="0" skipped="0" failures="0">
  <properties>
    <property name="java.specification.version" value="14"/>
    <property name="sun.cpu.isalist" value="amd64"/>
    <property name="sun.jnu.encoding" value="Cp1252"/>
    <property name="java.class.path" value="D:\DEV\lombokwithvalidations\target\test-classes;D:\DEV\lombokwithvalidations\target\classes;D:\temp.sys\Users\Public\.m2\repository\ch\qos\logback\logback-classic\1.2.3\logback-classic-1.2.3.jar;D:\temp.sys\Users\Public\.m2\repository\ch\qos\logback\logback-core\1.2.3\logback-core-1.2.3.jar;D:\temp.sys\Users\Public\.m2\repository\org\slf4j\slf4j-api\1.7.30\slf4j-api-1.7.30.jar;D:\temp.sys\Users\Public\.m2\repository\org\projectlombok\lombok\1.18.16\lombok-1.18.16.jar;D:\temp.sys\Users\Public\.m2\repository\org\junit\jupiter\junit-jupiter-engine\5.6.3\junit-jupiter-engine-5.6.3.jar;D:\temp.sys\Users\Public\.m2\repository\org\apiguardian\apiguardian-api\1.1.0\apiguardian-api-1.1.0.jar;D:\temp.sys\Users\Public\.m2\repository\org\junit\platform\junit-platform-engine\1.6.3\junit-platform-engine-1.6.3.jar;D:\temp.sys\Users\Public\.m2\repository\org\junit\jupiter\junit-jupiter-api\5.6.3\junit-jupiter-api-5.6.3.jar;D:\temp.sys\Users\Public\.m2\repository\org\opentest4j\opentest4j\1.2.0\opentest4j-1.2.0.jar;D:\temp.sys\Users\Public\.m2\repository\org\junit\jupiter\junit-jupiter-params\5.6.3\junit-jupiter-params-5.6.3.jar;D:\temp.sys\Users\Public\.m2\repository\junit\junit\4.13.1\junit-4.13.1.jar;D:\temp.sys\Users\Public\.m2\repository\org\hamcrest\hamcrest-core\1.3\hamcrest-core-1.3.jar;D:\temp.sys\Users\Public\.m2\repository\org\junit\platform\junit-platform-commons\1.7.0\junit-platform-commons-1.7.0.jar;D:\temp.sys\Users\Public\.m2\repository\org\assertj\assertj-core\3.18.1\assertj-core-3.18.1.jar;D:\temp.sys\Users\Public\.m2\repository\org\mockito\mockito-core\3.6.28\mockito-core-3.6.28.jar;D:\temp.sys\Users\Public\.m2\repository\net\bytebuddy\byte-buddy\1.10.18\byte-buddy-1.10.18.jar;D:\temp.sys\Users\Public\.m2\repository\net\bytebuddy\byte-buddy-agent\1.10.18\byte-buddy-agent-1.10.18.jar;D:\temp.sys\Users\Public\.m2\repository\org\objenesis\objenesis\3.1\objenesis-3.1.jar;D:\temp.sys\Users\Public\.m2\repository\org\mockito\mockito-junit-jupiter\3.6.28\mockito-junit-jupiter-3.6.28.jar;"/>
    <property name="java.vm.vendor" value="Oracle Corporation"/>
    <property name="sun.arch.data.model" value="64"/>
    <property name="user.variant" value=""/>
    <property name="java.vendor.url" value="https://java.oracle.com/"/>
    <property name="user.timezone" value="Europe/Oslo"/>
    <property name="user.country.format" value="NO"/>
    <property name="os.name" value="Windows 10"/>
    <property name="java.vm.specification.version" value="14"/>
    <property name="sun.java.launcher" value="SUN_STANDARD"/>
    <property name="user.country" value="GB"/>
    <property name="sun.boot.library.path" value="C:\DEVRES\jdk-14.0.2\bin"/>
    <property name="sun.java.command" value="D:\temp.sys\Users\oor\AppData\Local\Temp\surefire4525634571576346806\surefirebooter8931912991158856755.jar D:\temp.sys\Users\oor\AppData\Local\Temp\surefire4525634571576346806 2020-12-23T14-22-01_365-jvmRun1 surefire11694156739521636890tmp surefire_014977016854933616565tmp"/>
    <property name="jdk.debug" value="release"/>
    <property name="surefire.test.class.path" value="D:\DEV\lombokwithvalidations\target\test-classes;D:\DEV\lombokwithvalidations\target\classes;D:\temp.sys\Users\Public\.m2\repository\ch\qos\logback\logback-classic\1.2.3\logback-classic-1.2.3.jar;D:\temp.sys\Users\Public\.m2\repository\ch\qos\logback\logback-core\1.2.3\logback-core-1.2.3.jar;D:\temp.sys\Users\Public\.m2\repository\org\slf4j\slf4j-api\1.7.30\slf4j-api-1.7.30.jar;D:\temp.sys\Users\Public\.m2\repository\org\projectlombok\lombok\1.18.16\lombok-1.18.16.jar;D:\temp.sys\Users\Public\.m2\repository\org\junit\jupiter\junit-jupiter-engine\5.6.3\junit-jupiter-engine-5.6.3.jar;D:\temp.sys\Users\Public\.m2\repository\org\apiguardian\apiguardian-api\1.1.0\apiguardian-api-1.1.0.jar;D:\temp.sys\Users\Public\.m2\repository\org\junit\platform\junit-platform-engine\1.6.3\junit-platform-engine-1.6.3.jar;D:\temp.sys\Users\Public\.m2\repository\org\junit\jupiter\junit-jupiter-api\5.6.3\junit-jupiter-api-5.6.3.jar;D:\temp.sys\Users\Public\.m2\repository\org\opentest4j\opentest4j\1.2.0\opentest4j-1.2.0.jar;D:\temp.sys\Users\Public\.m2\repository\org\junit\jupiter\junit-jupiter-params\5.6.3\junit-jupiter-params-5.6.3.jar;D:\temp.sys\Users\Public\.m2\repository\junit\junit\4.13.1\junit-4.13.1.jar;D:\temp.sys\Users\Public\.m2\repository\org\hamcrest\hamcrest-core\1.3\hamcrest-core-1.3.jar;D:\temp.sys\Users\Public\.m2\repository\org\junit\platform\junit-platform-commons\1.7.0\junit-platform-commons-1.7.0.jar;D:\temp.sys\Users\Public\.m2\repository\org\assertj\assertj-core\3.18.1\assertj-core-3.18.1.jar;D:\temp.sys\Users\Public\.m2\repository\org\mockito\mockito-core\3.6.28\mockito-core-3.6.28.jar;D:\temp.sys\Users\Public\.m2\repository\net\bytebuddy\byte-buddy\1.10.18\byte-buddy-1.10.18.jar;D:\temp.sys\Users\Public\.m2\repository\net\bytebuddy\byte-buddy-agent\1.10.18\byte-buddy-agent-1.10.18.jar;D:\temp.sys\Users\Public\.m2\repository\org\objenesis\objenesis\3.1\objenesis-3.1.jar;D:\temp.sys\Users\Public\.m2\repository\org\mockito\mockito-junit-jupiter\3.6.28\mockito-junit-jupiter-3.6.28.jar;"/>
    <property name="sun.cpu.endian" value="little"/>
    <property name="user.home" value="C:\Users\oor"/>
    <property name="user.language" value="en"/>
    <property name="java.specification.vendor" value="Oracle Corporation"/>
    <property name="java.version.date" value="2020-07-14"/>
    <property name="java.home" value="C:\DEVRES\jdk-14.0.2"/>
    <property name="file.separator" value="\"/>
    <property name="basedir" value="D:\DEV\lombokwithvalidations"/>
    <property name="java.vm.compressedOopsMode" value="Zero based"/>
    <property name="line.separator" value="&#10;"/>
    <property name="java.vm.specification.vendor" value="Oracle Corporation"/>
    <property name="java.specification.name" value="Java Platform API Specification"/>
    <property name="surefire.real.class.path" value="D:\temp.sys\Users\oor\AppData\Local\Temp\surefire4525634571576346806\surefirebooter8931912991158856755.jar"/>
    <property name="user.script" value=""/>
    <property name="sun.management.compiler" value="HotSpot 64-Bit Tiered Compilers"/>
    <property name="java.runtime.version" value="14.0.2+12-46"/>
    <property name="user.name" value="oor"/>
    <property name="path.separator" value=";"/>
    <property name="os.version" value="10.0"/>
    <property name="java.runtime.name" value="OpenJDK Runtime Environment"/>
    <property name="file.encoding" value="Cp1252"/>
    <property name="java.vm.name" value="OpenJDK 64-Bit Server VM"/>
    <property name="localRepository" value="D:\temp.sys\Users\Public\.m2\repository"/>
    <property name="java.vendor.url.bug" value="https://bugreport.java.com/bugreport/"/>
    <property name="java.io.tmpdir" value="D:\temp.sys\Users\oor\AppData\Local\Temp\"/>
    <property name="java.version" value="14.0.2"/>
    <property name="user.dir" value="D:\DEV\lombokwithvalidations"/>
    <property name="os.arch" value="amd64"/>
    <property name="java.vm.specification.name" value="Java Virtual Machine Specification"/>
    <property name="user.language.format" value="no"/>
    <property name="sun.os.patch.level" value=""/>
    <property name="java.library.path" value="C:\DEVRES\jdk-14.0.2\bin;C:\Windows\Sun\Java\bin;C:\Windows\system32;C:\Windows;C:\DEVRES\jdk-14.0.2\bin;C:\Program Files (x86)\Common Files\Intel\Shared Libraries\redist\ia32\compiler;C:\Program Files (x86)\Common Files\Intel\Shared Libraries\redist\intel64\compiler;C:\Windows\system32;C:\Windows;C:\Windows\System32\Wbem;C:\Windows\System32\WindowsPowerShell\v1.0\;C:\Windows\System32\OpenSSH\;C:\Program Files\dotnet\;C:\Program Files\Microsoft SQL Server\130\Tools\Binn\;C:\Program Files\Microsoft SQL Server\Client SDK\ODBC\170\Tools\Binn\;C:\Program Files (x86)\IncrediBuild;C:\Program Files\Git\cmd;C:\DEVRES\apache-maven-3.6.3\bin;C:\bin;C:\ProgramData\chocolatey\bin;;C:\Program Files (x86)\QuickTime\QTSystem\;C:\Program Files\Docker\Docker\resources\bin;C:\ProgramData\DockerDesktop\version-bin;C:\Program Files\MySQL\MySQL Shell 8.0\bin\;C:\Users\oor\AppData\Local\Microsoft\WindowsApps;C:\Users\oor\.dotnet\tools;C:\Users\oor\AppData\Roaming\cabal\bin;C:\ProgramData\chocolatey\lib\ghc\tools\ghc-8.10.2\bin;C:\tools\msys64;;."/>
    <property name="java.vm.info" value="mixed mode, sharing"/>
    <property name="java.vendor" value="Oracle Corporation"/>
    <property name="java.vm.version" value="14.0.2+12-46"/>
    <property name="sun.io.unicode.encoding" value="UnicodeLittle"/>
    <property name="java.class.version" value="58.0"/>
  </properties>
  <testcase name="when_created_with_one_validation_and_that_is_satisfied_then_no_exceptions_should_be_thrown" classname="net.barakiroth.lombokwithvalidations.domain.MyDataObjectUnitTest" time="0.045"/>
  <testcase name="when_created_with_no_validation_then_no_exceptions_should_be_thrown" classname="net.barakiroth.lombokwithvalidations.domain.MyDataObjectUnitTest" time="0"/>
</testsuite>